Unity Editor version:    2020.3.20f1 (41c4e627c95f)
Branch:                  2020.3/staging
Build type:              Release
Batch mode:              YES
macOS version:           Version 11.4 (Build 20F71)
Darwin version:          20.5.0
Architecture:            x86_64
Running under Rosetta:   YES
Available memory:        16384 MB
Using pre-set license
Pro License: NO

COMMAND LINE ARGUMENTS:
/Applications/Unity/Hub/Editor/2020.3.20f1/Unity.app/Contents/MacOS/Unity
-adb2
-batchMode
-noUpm
-name
AssetImportWorker0
-projectPath
/Users/shakil/Documents/Uni/Personal-KOTJ/KOTJ-Personal/King_Of_The_Jungle
-logFile
Logs/AssetImportWorker0.log
-srvPort
49524
Successfully changed project path to: /Users/shakil/Documents/Uni/Personal-KOTJ/KOTJ-Personal/King_Of_The_Jungle
/Users/shakil/Documents/Uni/Personal-KOTJ/KOTJ-Personal/King_Of_The_Jungle
Using Asset Import Pipeline V2.
Refreshing native plugins compatible for Editor in 34.36 ms, found 3 plugins.
Preloading 0 native plugins for Editor in 0.00 ms.
Initialize engine version: 2020.3.20f1 (41c4e627c95f)
[Subsystems] Discovering subsystems at path /Applications/Unity/Hub/Editor/2020.3.20f1/Unity.app/Contents/Resources/UnitySubsystems
[Subsystems] Discovering subsystems at path /Users/shakil/Documents/Uni/Personal-KOTJ/KOTJ-Personal/King_Of_The_Jungle/Assets
GfxDevice: creating device client; threaded=0
2022-02-16 20:25:28.754 Unity[1120:15723] (null) preferred device: Apple M1 (high power)
2022-02-16 20:25:28.755 Unity[1120:15723] Metal devices available: 1
2022-02-16 20:25:28.755 Unity[1120:15723] 0: Apple M1 (high power)
2022-02-16 20:25:28.755 Unity[1120:15723] Using device Apple M1 (high power)
Initializing Metal device caps: Apple M1
Initialize mono
Mono path[0] = '/Applications/Unity/Hub/Editor/2020.3.20f1/Unity.app/Contents/Managed'
Mono path[1] = '/Applications/Unity/Hub/Editor/2020.3.20f1/Unity.app/Contents/MonoBleedingEdge/lib/mono/unityjit'
Mono config path = '/Applications/Unity/Hub/Editor/2020.3.20f1/Unity.app/Contents/MonoBleedingEdge/etc'
Using monoOptions --debugger-agent=transport=dt_socket,embedding=1,server=y,suspend=n,address=127.0.0.1:56120
Begin MonoManager ReloadAssembly
Registering precompiled unity dll's ...
Register platform support module: /Applications/Unity/Hub/Editor/2020.3.20f1/Unity.app/Contents/PlaybackEngines/MacStandaloneSupport/UnityEditor.OSXStandalone.Extensions.dll
Registered in 0.000352 seconds.
Native extension for OSXStandalone target not found
Refreshing native plugins compatible for Editor in 36.51 ms, found 3 plugins.
Preloading 0 native plugins for Editor in 0.00 ms.
Mono: successfully reloaded assembly
- Completed reload, in  2.023 seconds
Domain Reload Profiling:
	ReloadAssembly (2023ms)
		BeginReloadAssembly (75ms)
			ExecutionOrderSort (0ms)
			DisableScriptedObjects (0ms)
			BackupInstance (0ms)
			ReleaseScriptingObjects (0ms)
			CreateAndSetChildDomain (3ms)
		EndReloadAssembly (867ms)
			LoadAssemblies (72ms)
			RebuildTransferFunctionScriptingTraits (0ms)
			SetupTypeCache (175ms)
			ReleaseScriptCaches (0ms)
			RebuildScriptCaches (41ms)
			SetupLoadedEditorAssemblies (512ms)
				LogAssemblyErrors (0ms)
				InitializePlatformSupportModulesInManaged (10ms)
				SetLoadedEditorAssemblies (0ms)
				RefreshPlugins (37ms)
				BeforeProcessingInitializeOnLoad (68ms)
				ProcessInitializeOnLoadAttributes (295ms)
				ProcessInitializeOnLoadMethodAttributes (101ms)
				AfterProcessingInitializeOnLoad (0ms)
				EditorAssembliesLoaded (1ms)
			ExecutionOrderSort2 (0ms)
			AwakeInstancesAfterBackupRestoration (0ms)
Platform modules already initialized, skipping
Registering precompiled user dll's ...
Registered in 0.000878 seconds.
Begin MonoManager ReloadAssembly
Native extension for OSXStandalone target not found
Refreshing native plugins compatible for Editor in 36.47 ms, found 3 plugins.
Preloading 0 native plugins for Editor in 0.00 ms.
Mono: successfully reloaded assembly
- Completed reload, in  2.417 seconds
Domain Reload Profiling:
	ReloadAssembly (2418ms)
		BeginReloadAssembly (253ms)
			ExecutionOrderSort (0ms)
			DisableScriptedObjects (32ms)
			BackupInstance (0ms)
			ReleaseScriptingObjects (0ms)
			CreateAndSetChildDomain (40ms)
		EndReloadAssembly (2071ms)
			LoadAssemblies (178ms)
			RebuildTransferFunctionScriptingTraits (0ms)
			SetupTypeCache (346ms)
			ReleaseScriptCaches (1ms)
			RebuildScriptCaches (61ms)
			SetupLoadedEditorAssemblies (1159ms)
				LogAssemblyErrors (0ms)
				InitializePlatformSupportModulesInManaged (11ms)
				SetLoadedEditorAssemblies (1ms)
				RefreshPlugins (36ms)
				BeforeProcessingInitializeOnLoad (172ms)
				ProcessInitializeOnLoadAttributes (901ms)
				ProcessInitializeOnLoadMethodAttributes (36ms)
				AfterProcessingInitializeOnLoad (1ms)
				EditorAssembliesLoaded (0ms)
			ExecutionOrderSort2 (0ms)
			AwakeInstancesAfterBackupRestoration (33ms)
Platform modules already initialized, skipping
Validating Project structure ... 0.000105 seconds.
Shader import version has changed; will reimport all shaders...
Upgrading shader files ...0.000129 seconds.
Application.AssetDatabase Initial Script Refresh Start
RefreshInfo: InitialScriptRefreshV2(NoUpdateAssetOptions) scanfilter:  ... 1 filters
RefreshProfiler: Total: 0.000ms
Application.AssetDatabase Initial Script Refresh End
Application.AssetDatabase.Refresh Start
Application.AssetDatabase.Refresh End
RefreshInfo: StopAssetImportingV2(ForceSynchronousImport) scanfilter: 
RefreshProfiler: Total: 0.000ms
Launching external process: /Applications/Unity/Hub/Editor/2020.3.20f1/Unity.app/Contents/Tools/UnityShaderCompiler
Launched and connected shader compiler UnityShaderCompiler after 0.02 seconds
Initializing Unity extensions:
========================================================================
Worker process is ready to serve import requests
Refreshing native plugins compatible for Editor in 0.28 ms, found 3 plugins.
Preloading 0 native plugins for Editor in 0.00 ms.
Unloading 2094 Unused Serialized files (Serialized files now loaded: 0)
System memory in use before: 196.0 MB.
System memory in use after: 195.1 MB.

Unloading 99 unused Assets to reduce memory usage. Loaded Objects now: 2572.
Total: 2.616042 ms (FindLiveObjects: 0.122209 ms CreateObjectMapping: 0.039250 ms MarkObjects: 2.066792 ms  DeleteObjects: 0.386833 ms)

AssetImportParameters requested are different than current active one (requested -> active):
  custom:video-decoder-ogg-theora: a1e56fd34408186e4bbccfd4996cb3dc -> 
  custom:container-muxer-webm: aa71ff27fc2769a1b78a27578f13a17b -> 
  custom:container-demuxer-webm: 4f35f7cbe854078d1ac9338744f61a02 -> 
  custom:container-demuxer-ogg: 62fdf1f143b41e24485cea50d1cbac27 -> 
  custom:video-encoder-webm-vp8: eb34c28f22e8b96e1ab97ce403110664 -> 
  custom:framework-osx-AVFoundation: e770b220cccbd017edd2c1fefb359320 -> 
  custom:video-decoder-webm-vp8: 9c59270c3fd7afecdb556c50c9e8de78 -> 
  custom:audio-decoder-ogg-vorbis: bf7c407c2cedff20999df2af8eb42d56 -> 
  custom:audio-encoder-webm-vorbis: bf7c407c2cedff20999df2af8eb42d56 -> 
========================================================================
Received Import Request.
  path: Assets/Scenes
  artifactKey: Guid(b9b951f6bd1fc42a6b97cf6dec1f9dbd) Importer(815301076,1909f56bfc062723c751e8b465ee728b)
Start importing Assets/Scenes using Guid(b9b951f6bd1fc42a6b97cf6dec1f9dbd) Importer(815301076,1909f56bfc062723c751e8b465ee728b)  -> (artifact id: '36ef466e309a59b06b36060868c665e8') in 0.007660 seconds 
  Import took 0.010584 seconds .

========================================================================
Received Import Request.
  Time since last request: 87.858734 seconds.
  path: Assets/Sprites
  artifactKey: Guid(4dca813d806f640ff857f554615c4770) Importer(815301076,1909f56bfc062723c751e8b465ee728b)
Start importing Assets/Sprites using Guid(4dca813d806f640ff857f554615c4770) Importer(815301076,1909f56bfc062723c751e8b465ee728b)  -> (artifact id: 'f5d1a86d114bbc7eb40cec4b28b88935') in 0.001247 seconds 
  Import took 0.004157 seconds .

========================================================================
Received Import Request.
  Time since last request: 152.141608 seconds.
  path: Assets/Scenes/Map1.unity
  artifactKey: Guid(4efefec28cf5f3746a53838c67c14ab3) Importer(815301076,1909f56bfc062723c751e8b465ee728b)
Start importing Assets/Scenes/Map1.unity using Guid(4efefec28cf5f3746a53838c67c14ab3) Importer(815301076,1909f56bfc062723c751e8b465ee728b)  -> (artifact id: 'f0ef28bbf8639e4a23ca650378c1d1ac') in 0.013923 seconds 
  Import took 0.017442 seconds .

========================================================================
Received Import Request.
  Time since last request: 18.863109 seconds.
  path: Assets/Scenes/SampleScene.unity
  artifactKey: Guid(2cda990e2423bbf4892e6590ba056729) Importer(815301076,1909f56bfc062723c751e8b465ee728b)
Start importing Assets/Scenes/SampleScene.unity using Guid(2cda990e2423bbf4892e6590ba056729) Importer(815301076,1909f56bfc062723c751e8b465ee728b)  -> (artifact id: 'd9691d28760760e0ff374d9a7fe74db0') in 0.001961 seconds 
  Import took 0.005835 seconds .

========================================================================
Received Import Request.
  Time since last request: 4.426832 seconds.
  path: Assets/Scenes/Map.unity
  artifactKey: Guid(2cda990e2423bbf4892e6590ba056729) Importer(815301076,1909f56bfc062723c751e8b465ee728b)
Start importing Assets/Scenes/Map.unity using Guid(2cda990e2423bbf4892e6590ba056729) Importer(815301076,1909f56bfc062723c751e8b465ee728b)  -> (artifact id: '72ca52406b153b29f52ec1c38f12ef22') in 0.001656 seconds 
  Import took 0.004484 seconds .

========================================================================
Received Import Request.
  Time since last request: 12.818947 seconds.
  path: Assets/Tileset/Sky-Background .prefab
  artifactKey: Guid(add798297e1ce4c0f84ede906cc7eb94) Importer(815301076,1909f56bfc062723c751e8b465ee728b)
Start importing Assets/Tileset/Sky-Background .prefab using Guid(add798297e1ce4c0f84ede906cc7eb94) Importer(815301076,1909f56bfc062723c751e8b465ee728b)  -> (artifact id: '52013cec04b50e7c14388c20f0f8f34a') in 0.902459 seconds 
  Import took 0.908432 seconds .

========================================================================
Received Import Request.
  Time since last request: 0.001543 seconds.
  path: Assets/Tileset/SunnyLand_Tileset.prefab
  artifactKey: Guid(7f35414486d1a4f22be8c51b4746031e) Importer(815301076,1909f56bfc062723c751e8b465ee728b)
Start importing Assets/Tileset/SunnyLand_Tileset.prefab using Guid(7f35414486d1a4f22be8c51b4746031e) Importer(815301076,1909f56bfc062723c751e8b465ee728b)  -> (artifact id: 'a5ade4e74012c5b06fe70d0501ade9df') in 0.025898 seconds 
  Import took 0.029166 seconds .

